Determining if the pthread_create exist failed with the following output:
Change Dir: /home/emia/srsRAN/build/CMakeFiles/CMakeTmp

Run Build Command:"/usr/bin/make" "cmTC_8ac59/fast"
/usr/bin/make -f CMakeFiles/cmTC_8ac59.dir/build.make CMakeFiles/cmTC_8ac59.dir/build
make[1]: Entering directory '/home/emia/srsRAN/build/CMakeFiles/CMakeTmp'
Building C object CMakeFiles/cmTC_8ac59.dir/CheckSymbolExists.c.o
/usr/bin/x86_64-linux-gnu-gcc-7    -o CMakeFiles/cmTC_8ac59.dir/CheckSymbolExists.c.o   -c /home/emia/srsRAN/build/CMakeFiles/CMakeTmp/CheckSymbolExists.c
Linking C executable cmTC_8ac59
/usr/bin/cmake -E cmake_link_script CMakeFiles/cmTC_8ac59.dir/link.txt --verbose=1
/usr/bin/x86_64-linux-gnu-gcc-7      -rdynamic CMakeFiles/cmTC_8ac59.dir/CheckSymbolExists.c.o  -o cmTC_8ac59 
CMakeFiles/cmTC_8ac59.dir/CheckSymbolExists.c.o: In function `main':
CheckSymbolExists.c:(.text+0x1b): undefined reference to `pthread_create'
collect2: error: ld returned 1 exit status
CMakeFiles/cmTC_8ac59.dir/build.make:97: recipe for target 'cmTC_8ac59' failed
make[1]: *** [cmTC_8ac59] Error 1
make[1]: Leaving directory '/home/emia/srsRAN/build/CMakeFiles/CMakeTmp'
Makefile:126: recipe for target 'cmTC_8ac59/fast' failed
make: *** [cmTC_8ac59/fast] Error 2

File /home/emia/srsRAN/build/CMakeFiles/CMakeTmp/CheckSymbolExists.c:
/* */
#include <pthread.h>

int main(int argc, char** argv)
{
  (void)argv;
#ifndef pthread_create
  return ((int*)(&pthread_create))[argc];
#else
  (void)argc;
  return 0;
#endif
}

Determining if the function pthread_create exists in the pthreads failed with the following output:
Change Dir: /home/emia/srsRAN/build/CMakeFiles/CMakeTmp

Run Build Command:"/usr/bin/make" "cmTC_eb142/fast"
/usr/bin/make -f CMakeFiles/cmTC_eb142.dir/build.make CMakeFiles/cmTC_eb142.dir/build
make[1]: Entering directory '/home/emia/srsRAN/build/CMakeFiles/CMakeTmp'
Building C object CMakeFiles/cmTC_eb142.dir/CheckFunctionExists.c.o
/usr/bin/x86_64-linux-gnu-gcc-7   -DCHECK_FUNCTION_EXISTS=pthread_create   -o CMakeFiles/cmTC_eb142.dir/CheckFunctionExists.c.o   -c /usr/share/cmake-3.10/Modules/CheckFunctionExists.c
Linking C executable cmTC_eb142
/usr/bin/cmake -E cmake_link_script CMakeFiles/cmTC_eb142.dir/link.txt --verbose=1
/usr/bin/x86_64-linux-gnu-gcc-7  -DCHECK_FUNCTION_EXISTS=pthread_create    -rdynamic CMakeFiles/cmTC_eb142.dir/CheckFunctionExists.c.o  -o cmTC_eb142 -lpthreads 
/usr/bin/ld: cannot find -lpthreads
collect2: error: ld returned 1 exit status
CMakeFiles/cmTC_eb142.dir/build.make:97: recipe for target 'cmTC_eb142' failed
make[1]: *** [cmTC_eb142] Error 1
make[1]: Leaving directory '/home/emia/srsRAN/build/CMakeFiles/CMakeTmp'
Makefile:126: recipe for target 'cmTC_eb142/fast' failed
make: *** [cmTC_eb142/fast] Error 2


Performing C SOURCE FILE Test HAVE_AVX512 failed with the following output:
Change Dir: /home/emia/srsRAN/build/CMakeFiles/CMakeTmp

Run Build Command:"/usr/bin/make" "cmTC_27f6c/fast"
/usr/bin/make -f CMakeFiles/cmTC_27f6c.dir/build.make CMakeFiles/cmTC_27f6c.dir/build
make[1]: Entering directory '/home/emia/srsRAN/build/CMakeFiles/CMakeTmp'
Building C object CMakeFiles/cmTC_27f6c.dir/src.c.o
/usr/bin/x86_64-linux-gnu-gcc-7   -Wno-unused-but-set-variable -DHAVE_AVX512 -mavx512f -mavx512cd -mavx512bw -mavx512dq -DLV_HAVE_AVX512   -o CMakeFiles/cmTC_27f6c.dir/src.c.o   -c /home/emia/srsRAN/build/CMakeFiles/CMakeTmp/src.c
Linking C executable cmTC_27f6c
/usr/bin/cmake -E cmake_link_script CMakeFiles/cmTC_27f6c.dir/link.txt --verbose=1
/usr/bin/x86_64-linux-gnu-gcc-7  -Wno-unused-but-set-variable -DHAVE_AVX512 -mavx512f -mavx512cd -mavx512bw -mavx512dq -DLV_HAVE_AVX512    -rdynamic CMakeFiles/cmTC_27f6c.dir/src.c.o  -o cmTC_27f6c 
make[1]: Leaving directory '/home/emia/srsRAN/build/CMakeFiles/CMakeTmp'

Return value: FAILED_TO_RUN
Source file was:

          #include <immintrin.h>
          int main()
          {
            __m512i a, b, c;
            const int src[16] = { 0x0, 0x1, 0x2, 0x3, 0x4, 0x5, 0x6, 0x7, 0x8 , 0x9, 0xA, 0xB, 0xC, 0xD, 0xE, 0xF};
            int dst[16];
            a =  _mm512_loadu_si512( (__m512i*)src );
            b =  _mm512_loadu_si512( (__m512i*)src );
            c = _mm512_add_epi32( a, b );
            _mm512_storeu_si512( (__m512i*)dst, c );
            int i = 0;
            for( i = 0; i < 16; i++ ){
              if( ( src[i] + src[i] ) != dst[i] ){
                return -1;
              }
            }
            return 0;
          }
